<?xml version="1.0" encoding="UTF-8"?>
<coverage generated="1614977092677" clover="3.2.0">
  <project timestamp="1614977092678" name="All files">
    <metrics statements="40" coveredstatements="30" conditionals="32" coveredconditionals="20" methods="18" coveredmethods="11" elements="90" coveredelements="61" complexity="0" loc="40" ncloc="40" packages="1" files="2" classes="2"/>
    <file name="Buttons.tsx" path="C:\Users\Alex\Documents\ImmuneSpaceFrontendTools\components\src\components\Buttons.tsx">
      <metrics statements="7" coveredstatements="5" conditionals="4" coveredconditionals="1" methods="3" coveredmethods="1"/>
      <line num="1" count="1" type="stmt"/>
      <line num="2" count="1" type="stmt"/>
      <line num="16" count="1" type="stmt"/>
      <line num="17" count="5" type="stmt"/>
      <line num="27" count="1" type="stmt"/>
      <line num="28" count="0" type="stmt"/>
      <line num="31" count="0" type="stmt"/>
    </file>
    <file name="Dropdowns.tsx" path="C:\Users\Alex\Documents\ImmuneSpaceFrontendTools\components\src\components\Dropdowns.tsx">
      <metrics statements="33" coveredstatements="25" conditionals="28" coveredconditionals="19" methods="15" coveredmethods="10"/>
      <line num="1" count="1" type="stmt"/>
      <line num="2" count="1" type="stmt"/>
      <line num="32" count="1" type="stmt"/>
      <line num="33" count="0" type="stmt"/>
      <line num="49" count="0" type="stmt"/>
      <line num="64" count="1" type="stmt"/>
      <line num="65" count="3" type="stmt"/>
      <line num="72" count="1" type="stmt"/>
      <line num="73" count="5" type="stmt"/>
      <line num="74" count="5" type="stmt"/>
      <line num="75" count="0" type="stmt"/>
      <line num="76" count="0" type="stmt"/>
      <line num="77" count="0" type="stmt"/>
      <line num="78" count="0" type="stmt"/>
      <line num="80" count="0" type="cond" truecount="0" falsecount="2"/>
      <line num="81" count="0" type="stmt"/>
      <line num="85" count="5" type="stmt"/>
      <line num="100" count="1" type="stmt"/>
      <line num="101" count="14" type="stmt"/>
      <line num="102" count="14" type="stmt"/>
      <line num="108" count="1" type="stmt"/>
      <line num="122" count="1" type="stmt"/>
      <line num="123" count="3" type="stmt"/>
      <line num="126" count="6" type="stmt"/>
      <line num="129" count="6" type="cond" truecount="2" falsecount="0"/>
      <line num="130" count="3" type="stmt"/>
      <line num="132" count="3" type="stmt"/>
      <line num="149" count="1" type="stmt"/>
      <line num="150" count="14" type="stmt"/>
      <line num="153" count="24" type="stmt"/>
      <line num="156" count="24" type="cond" truecount="2" falsecount="0"/>
      <line num="157" count="7" type="stmt"/>
      <line num="159" count="17" type="stmt"/>
    </file>
  </project>
</coverage>
