{
    "C:\\Users\\Alex\\Documents\\ImmuneSpaceFrontendTools\\components\\src\\components\\Buttons.tsx": {
        "path": "C:\\Users\\Alex\\Documents\\ImmuneSpaceFrontendTools\\components\\src\\components\\Buttons.tsx",
        "statementMap": {
            "0": { "start": { "line": 1, "column": 0 }, "end": { "line": 1, "column": 31 } },
            "1": { "start": { "line": 2, "column": 0 }, "end": { "line": 2, "column": 24 } },
            "2": { "start": { "line": 16, "column": 67 }, "end": { "line": 22, "column": 1 } },
            "3": { "start": { "line": 17, "column": 4 }, "end": { "line": 21, "column": 6 } },
            "4": { "start": { "line": 16, "column": 13 }, "end": { "line": 16, "column": 67 } },
            "5": { "start": { "line": 27, "column": 56 }, "end": { "line": 35, "column": 1 } },
            "6": { "start": { "line": 28, "column": 4 }, "end": { "line": 34, "column": 6 } },
            "7": { "start": { "line": 31, "column": 16 }, "end": { "line": 31, "column": 89 } },
            "8": { "start": { "line": 27, "column": 13 }, "end": { "line": 27, "column": 56 } }
        },
        "fnMap": {
            "0": {
                "name": "(anonymous_6)",
                "decl": { "start": { "line": 16, "column": 67 }, "end": { "line": 16, "column": 68 } },
                "loc": { "start": { "line": 16, "column": 112 }, "end": { "line": 22, "column": 1 } }
            },
            "1": {
                "name": "(anonymous_7)",
                "decl": { "start": { "line": 27, "column": 56 }, "end": { "line": 27, "column": 57 } },
                "loc": { "start": { "line": 27, "column": 77 }, "end": { "line": 35, "column": 1 } }
            },
            "2": {
                "name": "(anonymous_8)",
                "decl": { "start": { "line": 30, "column": 50 }, "end": { "line": 30, "column": 51 } },
                "loc": { "start": { "line": 30, "column": 63 }, "end": { "line": 32, "column": 13 } }
            }
        },
        "branchMap": {
            "0": {
                "loc": { "start": { "line": 18, "column": 76 }, "end": { "line": 18, "column": 87 } },
                "type": "cond-expr",
                "locations": [
                    { "start": { "line": 18, "column": 76 }, "end": { "line": 18, "column": 87 } },
                    { "start": { "line": 18, "column": 90 }, "end": { "line": 18, "column": 92 } }
                ]
            },
            "1": {
                "loc": { "start": { "line": 30, "column": 32 }, "end": { "line": 30, "column": 40 } },
                "type": "binary-expr",
                "locations": [
                    { "start": { "line": 30, "column": 32 }, "end": { "line": 30, "column": 40 } },
                    { "start": { "line": 30, "column": 44 }, "end": { "line": 30, "column": 48 } }
                ]
            }
        },
        "s": { "0": 1, "1": 1, "2": 1, "3": 5, "4": 1, "5": 1, "6": 0, "7": 0, "8": 1 },
        "f": { "0": 5, "1": 0, "2": 0 },
        "b": { "0": [0, 5], "1": [0, 0] }
    },
    "C:\\Users\\Alex\\Documents\\ImmuneSpaceFrontendTools\\components\\src\\components\\Dropdowns.tsx": {
        "path": "C:\\Users\\Alex\\Documents\\ImmuneSpaceFrontendTools\\components\\src\\components\\Dropdowns.tsx",
        "statementMap": {
            "0": { "start": { "line": 1, "column": 0 }, "end": { "line": 1, "column": 31 } },
            "1": { "start": { "line": 2, "column": 0 }, "end": { "line": 2, "column": 26 } },
            "2": { "start": { "line": 32, "column": 61 }, "end": { "line": 61, "column": 1 } },
            "3": { "start": { "line": 33, "column": 4 }, "end": { "line": 60, "column": 6 } },
            "4": { "start": { "line": 49, "column": 24 }, "end": { "line": 55, "column": 26 } },
            "5": { "start": { "line": 32, "column": 13 }, "end": { "line": 32, "column": 61 } },
            "6": { "start": { "line": 64, "column": 62 }, "end": { "line": 70, "column": 1 } },
            "7": { "start": { "line": 65, "column": 4 }, "end": { "line": 69, "column": 6 } },
            "8": { "start": { "line": 64, "column": 13 }, "end": { "line": 64, "column": 62 } },
            "9": { "start": { "line": 72, "column": 71 }, "end": { "line": 98, "column": 1 } },
            "10": { "start": { "line": 73, "column": 20 }, "end": { "line": 73, "column": 54 } },
            "11": { "start": { "line": 74, "column": 17 }, "end": { "line": 83, "column": 5 } },
            "12": { "start": { "line": 75, "column": 19 }, "end": { "line": 75, "column": 44 } },
            "13": { "start": { "line": 76, "column": 25 }, "end": { "line": 76, "column": 45 } },
            "14": { "start": { "line": 77, "column": 8 }, "end": { "line": 79, "column": null } },
            "15": { "start": { "line": 78, "column": 12 }, "end": { "line": 78, "column": 40 } },
            "16": { "start": { "line": 80, "column": 8 }, "end": { "line": 82, "column": null } },
            "17": { "start": { "line": 81, "column": 12 }, "end": { "line": 81, "column": 27 } },
            "18": { "start": { "line": 85, "column": 4 }, "end": { "line": 97, "column": 6 } },
            "19": { "start": { "line": 72, "column": 13 }, "end": { "line": 72, "column": 71 } },
            "20": { "start": { "line": 100, "column": 67 }, "end": { "line": 120, "column": 1 } },
            "21": { "start": { "line": 101, "column": 28 }, "end": { "line": 101, "column": 49 } },
            "22": { "start": { "line": 102, "column": 4 }, "end": { "line": 119, "column": 6 } },
            "23": { "start": { "line": 108, "column": 24 }, "end": { "line": 108, "column": 39 } },
            "24": { "start": { "line": 100, "column": 13 }, "end": { "line": 100, "column": 67 } },
            "25": { "start": { "line": 122, "column": 56 }, "end": { "line": 147, "column": 1 } },
            "26": { "start": { "line": 123, "column": 4 }, "end": { "line": 146, "column": 6 } },
            "27": { "start": { "line": 126, "column": 16 }, "end": { "line": 143, "column": 18 } },
            "28": { "start": { "line": 129, "column": 28 }, "end": { "line": 140, "column": null } },
            "29": { "start": { "line": 130, "column": 32 }, "end": { "line": 130, "column": 116 } },
            "30": { "start": { "line": 132, "column": 32 }, "end": { "line": 139, "column": 34 } },
            "31": { "start": { "line": 149, "column": 61 }, "end": { "line": 178, "column": 1 } },
            "32": { "start": { "line": 150, "column": 4 }, "end": { "line": 177, "column": 6 } },
            "33": { "start": { "line": 153, "column": 16 }, "end": { "line": 174, "column": 18 } },
            "34": { "start": { "line": 156, "column": 28 }, "end": { "line": 171, "column": null } },
            "35": { "start": { "line": 157, "column": 32 }, "end": { "line": 157, "column": 116 } },
            "36": { "start": { "line": 159, "column": 32 }, "end": { "line": 170, "column": 34 } }
        },
        "fnMap": {
            "0": {
                "name": "(anonymous_6)",
                "decl": { "start": { "line": 32, "column": 61 }, "end": { "line": 32, "column": 62 } },
                "loc": { "start": { "line": 32, "column": 101 }, "end": { "line": 61, "column": 1 } }
            },
            "1": {
                "name": "(anonymous_7)",
                "decl": { "start": { "line": 48, "column": 37 }, "end": { "line": 48, "column": 43 } },
                "loc": { "start": { "line": 48, "column": 46 }, "end": { "line": 56, "column": 21 } }
            },
            "2": {
                "name": "(anonymous_8)",
                "decl": { "start": { "line": 64, "column": 62 }, "end": { "line": 64, "column": 63 } },
                "loc": { "start": { "line": 64, "column": 102 }, "end": { "line": 70, "column": 1 } }
            },
            "3": {
                "name": "(anonymous_9)",
                "decl": { "start": { "line": 72, "column": 71 }, "end": { "line": 72, "column": 72 } },
                "loc": { "start": { "line": 72, "column": 109 }, "end": { "line": 98, "column": 1 } }
            },
            "4": {
                "name": "(anonymous_10)",
                "decl": { "start": { "line": 74, "column": 17 }, "end": { "line": 74, "column": 20 } },
                "loc": { "start": { "line": 74, "column": 22 }, "end": { "line": 83, "column": 5 } }
            },
            "5": {
                "name": "(anonymous_11)",
                "decl": { "start": { "line": 100, "column": 67 }, "end": { "line": 100, "column": 68 } },
                "loc": { "start": { "line": 100, "column": 93 }, "end": { "line": 120, "column": 1 } }
            },
            "6": {
                "name": "(anonymous_12)",
                "decl": { "start": { "line": 107, "column": 29 }, "end": { "line": 107, "column": 32 } },
                "loc": { "start": { "line": 107, "column": 34 }, "end": { "line": 109, "column": 21 } }
            },
            "7": {
                "name": "(anonymous_13)",
                "decl": { "start": { "line": 122, "column": 56 }, "end": { "line": 122, "column": 57 } },
                "loc": { "start": { "line": 122, "column": 75 }, "end": { "line": 147, "column": 1 } }
            },
            "8": {
                "name": "(anonymous_14)",
                "decl": { "start": { "line": 125, "column": 28 }, "end": { "line": 125, "column": 34 } },
                "loc": { "start": { "line": 125, "column": 37 }, "end": { "line": 144, "column": 13 } }
            },
            "9": {
                "name": "(anonymous_15)",
                "decl": { "start": { "line": 128, "column": 26 }, "end": { "line": 128, "column": 29 } },
                "loc": { "start": { "line": 128, "column": 31 }, "end": { "line": 141, "column": 25 } }
            },
            "10": {
                "name": "(anonymous_16)",
                "decl": { "start": { "line": 134, "column": 75 }, "end": { "line": 134, "column": 78 } },
                "loc": { "start": { "line": 134, "column": 80 }, "end": { "line": 134, "column": 83 } }
            },
            "11": {
                "name": "(anonymous_17)",
                "decl": { "start": { "line": 149, "column": 61 }, "end": { "line": 149, "column": 62 } },
                "loc": { "start": { "line": 149, "column": 86 }, "end": { "line": 178, "column": 1 } }
            },
            "12": {
                "name": "(anonymous_18)",
                "decl": { "start": { "line": 152, "column": 28 }, "end": { "line": 152, "column": 34 } },
                "loc": { "start": { "line": 152, "column": 37 }, "end": { "line": 175, "column": 13 } }
            },
            "13": {
                "name": "(anonymous_19)",
                "decl": { "start": { "line": 155, "column": 26 }, "end": { "line": 155, "column": 29 } },
                "loc": { "start": { "line": 155, "column": 31 }, "end": { "line": 172, "column": 25 } }
            },
            "14": {
                "name": "(anonymous_20)",
                "decl": { "start": { "line": 165, "column": 75 }, "end": { "line": 165, "column": 78 } },
                "loc": { "start": { "line": 165, "column": 80 }, "end": { "line": 165, "column": 83 } }
            }
        },
        "branchMap": {
            "0": {
                "loc": { "start": { "line": 48, "column": 31 }, "end": { "line": 48, "column": 33 } },
                "type": "cond-expr",
                "locations": [
                    { "start": { "line": 48, "column": 31 }, "end": { "line": 48, "column": 33 } },
                    { "start": { "line": 48, "column": 21 }, "end": { "line": 56, "column": null } }
                ]
            },
            "1": {
                "loc": { "start": { "line": 48, "column": 21 }, "end": { "line": 48, "column": 33 } },
                "type": "binary-expr",
                "locations": [
                    { "start": { "line": 48, "column": 21 }, "end": { "line": 48, "column": 33 } },
                    { "start": { "line": 48, "column": 21 }, "end": { "line": 48, "column": 33 } }
                ]
            },
            "2": {
                "loc": { "start": { "line": 80, "column": 8 }, "end": { "line": 82, "column": null } },
                "type": "if",
                "locations": [
                    { "start": { "line": 80, "column": 8 }, "end": { "line": 82, "column": null } },
                    { "start": { "line": 80, "column": 8 }, "end": { "line": 82, "column": null } }
                ]
            },
            "3": {
                "loc": { "start": { "line": 104, "column": 35 }, "end": { "line": 104, "column": 42 } },
                "type": "cond-expr",
                "locations": [
                    { "start": { "line": 104, "column": 35 }, "end": { "line": 104, "column": 42 } },
                    { "start": { "line": 104, "column": 45 }, "end": { "line": 104, "column": 47 } }
                ]
            },
            "4": {
                "loc": { "start": { "line": 113, "column": 63 }, "end": { "line": 113, "column": 69 } },
                "type": "cond-expr",
                "locations": [
                    { "start": { "line": 113, "column": 63 }, "end": { "line": 113, "column": 69 } },
                    { "start": { "line": 113, "column": 72 }, "end": { "line": 113, "column": 79 } }
                ]
            },
            "5": {
                "loc": { "start": { "line": 127, "column": 97 }, "end": { "line": 127, "column": 107 } },
                "type": "cond-expr",
                "locations": [
                    { "start": { "line": 127, "column": 97 }, "end": { "line": 127, "column": 107 } },
                    { "start": { "line": 127, "column": 110 }, "end": { "line": 127, "column": 112 } }
                ]
            },
            "6": {
                "loc": { "start": { "line": 129, "column": 28 }, "end": { "line": 140, "column": null } },
                "type": "if",
                "locations": [
                    { "start": { "line": 129, "column": 28 }, "end": { "line": 140, "column": null } },
                    { "start": { "line": 129, "column": 28 }, "end": { "line": 140, "column": null } }
                ]
            },
            "7": {
                "loc": { "start": { "line": 134, "column": 70 }, "end": { "line": 134, "column": 74 } },
                "type": "cond-expr",
                "locations": [
                    { "start": { "line": 134, "column": 70 }, "end": { "line": 134, "column": 74 } },
                    { "start": { "line": 134, "column": 75 }, "end": { "line": 134, "column": 83 } }
                ]
            },
            "8": {
                "loc": { "start": { "line": 134, "column": 55 }, "end": { "line": 134, "column": 74 } },
                "type": "binary-expr",
                "locations": [
                    { "start": { "line": 134, "column": 55 }, "end": { "line": 134, "column": 74 } },
                    { "start": { "line": 134, "column": 70 }, "end": { "line": 134, "column": 74 } }
                ]
            },
            "9": {
                "loc": { "start": { "line": 151, "column": 64 }, "end": { "line": 151, "column": 87 } },
                "type": "cond-expr",
                "locations": [
                    { "start": { "line": 151, "column": 64 }, "end": { "line": 151, "column": 87 } },
                    { "start": { "line": 151, "column": 90 }, "end": { "line": 151, "column": 92 } }
                ]
            },
            "10": {
                "loc": { "start": { "line": 154, "column": 97 }, "end": { "line": 154, "column": 107 } },
                "type": "cond-expr",
                "locations": [
                    { "start": { "line": 154, "column": 97 }, "end": { "line": 154, "column": 107 } },
                    { "start": { "line": 154, "column": 110 }, "end": { "line": 154, "column": 112 } }
                ]
            },
            "11": {
                "loc": { "start": { "line": 156, "column": 28 }, "end": { "line": 171, "column": null } },
                "type": "if",
                "locations": [
                    { "start": { "line": 156, "column": 28 }, "end": { "line": 171, "column": null } },
                    { "start": { "line": 156, "column": 28 }, "end": { "line": 171, "column": null } }
                ]
            },
            "12": {
                "loc": { "start": { "line": 165, "column": 70 }, "end": { "line": 165, "column": 74 } },
                "type": "cond-expr",
                "locations": [
                    { "start": { "line": 165, "column": 70 }, "end": { "line": 165, "column": 74 } },
                    { "start": { "line": 165, "column": 75 }, "end": { "line": 165, "column": 83 } }
                ]
            },
            "13": {
                "loc": { "start": { "line": 165, "column": 55 }, "end": { "line": 165, "column": 74 } },
                "type": "binary-expr",
                "locations": [
                    { "start": { "line": 165, "column": 55 }, "end": { "line": 165, "column": 74 } },
                    { "start": { "line": 165, "column": 70 }, "end": { "line": 165, "column": 74 } }
                ]
            }
        },
        "s": {
            "0": 1,
            "1": 1,
            "2": 1,
            "3": 0,
            "4": 0,
            "5": 1,
            "6": 1,
            "7": 3,
            "8": 1,
            "9": 1,
            "10": 5,
            "11": 5,
            "12": 0,
            "13": 0,
            "14": 0,
            "15": 0,
            "16": 0,
            "17": 0,
            "18": 5,
            "19": 1,
            "20": 1,
            "21": 14,
            "22": 14,
            "23": 1,
            "24": 1,
            "25": 1,
            "26": 3,
            "27": 6,
            "28": 6,
            "29": 3,
            "30": 3,
            "31": 1,
            "32": 14,
            "33": 24,
            "34": 24,
            "35": 7,
            "36": 17
        },
        "f": {
            "0": 0,
            "1": 0,
            "2": 3,
            "3": 5,
            "4": 0,
            "5": 14,
            "6": 1,
            "7": 3,
            "8": 6,
            "9": 6,
            "10": 0,
            "11": 14,
            "12": 24,
            "13": 24,
            "14": 0
        },
        "b": {
            "0": [0, 0],
            "1": [0, 0],
            "2": [0, 0],
            "3": [1, 13],
            "4": [1, 13],
            "5": [0, 6],
            "6": [3, 3],
            "7": [3, 0],
            "8": [3, 3],
            "9": [1, 13],
            "10": [0, 24],
            "11": [7, 17],
            "12": [3, 14],
            "13": [17, 17]
        }
    }
}
