TN:
SF:src\components\Buttons.tsx
FN:16,(anonymous_6)
FN:27,(anonymous_7)
FN:30,(anonymous_8)
FNF:3
FNH:1
FNDA:5,(anonymous_6)
FNDA:0,(anonymous_7)
FNDA:0,(anonymous_8)
DA:1,1
DA:2,1
DA:16,1
DA:17,5
DA:27,1
DA:28,0
DA:31,0
LF:7
LH:5
BRDA:18,0,0,0
BRDA:18,0,1,5
BRDA:30,1,0,0
BRDA:30,1,1,0
BRF:4
BRH:1
end_of_record
TN:
SF:src\components\Dropdowns.tsx
FN:32,(anonymous_6)
FN:48,(anonymous_7)
FN:64,(anonymous_8)
FN:72,(anonymous_9)
FN:74,(anonymous_10)
FN:100,(anonymous_11)
FN:107,(anonymous_12)
FN:122,(anonymous_13)
FN:125,(anonymous_14)
FN:128,(anonymous_15)
FN:134,(anonymous_16)
FN:149,(anonymous_17)
FN:152,(anonymous_18)
FN:155,(anonymous_19)
FN:165,(anonymous_20)
FNF:15
FNH:10
FNDA:0,(anonymous_6)
FNDA:0,(anonymous_7)
FNDA:3,(anonymous_8)
FNDA:5,(anonymous_9)
FNDA:0,(anonymous_10)
FNDA:14,(anonymous_11)
FNDA:1,(anonymous_12)
FNDA:3,(anonymous_13)
FNDA:6,(anonymous_14)
FNDA:6,(anonymous_15)
FNDA:0,(anonymous_16)
FNDA:14,(anonymous_17)
FNDA:24,(anonymous_18)
FNDA:24,(anonymous_19)
FNDA:0,(anonymous_20)
DA:1,1
DA:2,1
DA:32,1
DA:33,0
DA:49,0
DA:64,1
DA:65,3
DA:72,1
DA:73,5
DA:74,5
DA:75,0
DA:76,0
DA:77,0
DA:78,0
DA:80,0
DA:81,0
DA:85,5
DA:100,1
DA:101,14
DA:102,14
DA:108,1
DA:122,1
DA:123,3
DA:126,6
DA:129,6
DA:130,3
DA:132,3
DA:149,1
DA:150,14
DA:153,24
DA:156,24
DA:157,7
DA:159,17
LF:33
LH:25
BRDA:48,0,0,0
BRDA:48,0,1,0
BRDA:48,1,0,0
BRDA:48,1,1,0
BRDA:80,2,0,0
BRDA:80,2,1,0
BRDA:104,3,0,1
BRDA:104,3,1,13
BRDA:113,4,0,1
BRDA:113,4,1,13
BRDA:127,5,0,0
BRDA:127,5,1,6
BRDA:129,6,0,3
BRDA:129,6,1,3
BRDA:134,7,0,3
BRDA:134,7,1,0
BRDA:134,8,0,3
BRDA:134,8,1,3
BRDA:151,9,0,1
BRDA:151,9,1,13
BRDA:154,10,0,0
BRDA:154,10,1,24
BRDA:156,11,0,7
BRDA:156,11,1,17
BRDA:165,12,0,3
BRDA:165,12,1,14
BRDA:165,13,0,17
BRDA:165,13,1,17
BRF:28
BRH:19
end_of_record
